<?xml version="1.0" encoding="UTF-8"?>
<robot generator="Robot 4.0.3 (Python 3.9.5 on darwin)" generated="20210620 19:32:47.548" rpa="false" schemaversion="2">
<suite id="s1" name="Tests" source="/Users/pavanmudigonda/Documents/GitHub/robotframework-bdd-example-master/tests">
<suite id="s1-s1" name="Login Tests" source="/Users/pavanmudigonda/Documents/GitHub/robotframework-bdd-example-master/tests/login_tests.robot">
<test id="s1-s1-t1" name="Valid Login">
<kw name="Open Login Page Using Chrome Browser" library="resources" type="SETUP">
<kw name="Open Browser" library="SeleniumLibrary">
<arg>${LOGIN_PAGE}</arg>
<arg>Chrome</arg>
<doc>Opens a new browser instance to the optional ``url``.</doc>
<msg timestamp="20210620 19:32:47.938" level="INFO">Opening browser 'Chrome' to base url 'https://www.instagram.com/accounts/login/'.</msg>
<kw name="Capture Page Screenshot" library="SeleniumLibrary">
<doc>Takes a screenshot of the current page and embeds it into a log file.</doc>
<msg timestamp="20210620 19:32:47.944" level="INFO">Cannot capture screenshot because no browser is open.</msg>
<status status="PASS" starttime="20210620 19:32:47.943" endtime="20210620 19:32:47.944"/>
</kw>
<msg timestamp="20210620 19:32:47.966" level="FAIL">WebDriverException: Message: 'chromedriver' executable needs to be in PATH. Please see https://sites.google.com/a/chromium.org/chromedriver/home
</msg>
<status status="FAIL" starttime="20210620 19:32:47.938" endtime="20210620 19:32:47.966"/>
</kw>
<kw name="Maximize Browser Window" library="SeleniumLibrary">
<doc>Maximizes current browser window.</doc>
<status status="NOT RUN" starttime="20210620 19:32:47.967" endtime="20210620 19:32:47.967"/>
</kw>
<status status="FAIL" starttime="20210620 19:32:47.937" endtime="20210620 19:32:47.968"/>
</kw>
<kw name="Close Browser" library="SeleniumLibrary" type="TEARDOWN">
<doc>Closes the current browser.</doc>
<status status="PASS" starttime="20210620 19:32:47.969" endtime="20210620 19:32:47.969"/>
</kw>
<status status="FAIL" starttime="20210620 19:32:47.937" endtime="20210620 19:32:47.969">Setup failed:
WebDriverException: Message: 'chromedriver' executable needs to be in PATH. Please see https://sites.google.com/a/chromium.org/chromedriver/home
</status>
</test>
<test id="s1-s1-t2" name="Invalid Login">
<kw name="Open Login Page Using Chrome Browser" library="resources" type="SETUP">
<kw name="Open Browser" library="SeleniumLibrary">
<arg>${LOGIN_PAGE}</arg>
<arg>Chrome</arg>
<doc>Opens a new browser instance to the optional ``url``.</doc>
<msg timestamp="20210620 19:32:47.973" level="INFO">Opening browser 'Chrome' to base url 'https://www.instagram.com/accounts/login/'.</msg>
<kw name="Capture Page Screenshot" library="SeleniumLibrary">
<doc>Takes a screenshot of the current page and embeds it into a log file.</doc>
<msg timestamp="20210620 19:32:47.979" level="INFO">Cannot capture screenshot because no browser is open.</msg>
<status status="PASS" starttime="20210620 19:32:47.979" endtime="20210620 19:32:47.979"/>
</kw>
<msg timestamp="20210620 19:32:47.980" level="FAIL">WebDriverException: Message: 'chromedriver' executable needs to be in PATH. Please see https://sites.google.com/a/chromium.org/chromedriver/home
</msg>
<status status="FAIL" starttime="20210620 19:32:47.972" endtime="20210620 19:32:47.980"/>
</kw>
<kw name="Maximize Browser Window" library="SeleniumLibrary">
<doc>Maximizes current browser window.</doc>
<status status="NOT RUN" starttime="20210620 19:32:47.980" endtime="20210620 19:32:47.980"/>
</kw>
<status status="FAIL" starttime="20210620 19:32:47.971" endtime="20210620 19:32:47.981"/>
</kw>
<kw name="Close Browser" library="SeleniumLibrary" type="TEARDOWN">
<doc>Closes the current browser.</doc>
<status status="PASS" starttime="20210620 19:32:47.982" endtime="20210620 19:32:47.982"/>
</kw>
<status status="FAIL" starttime="20210620 19:32:47.970" endtime="20210620 19:32:47.982">Setup failed:
WebDriverException: Message: 'chromedriver' executable needs to be in PATH. Please see https://sites.google.com/a/chromium.org/chromedriver/home
</status>
</test>
<status status="FAIL" starttime="20210620 19:32:47.589" endtime="20210620 19:32:47.983"/>
</suite>
<status status="FAIL" starttime="20210620 19:32:47.549" endtime="20210620 19:32:47.984"/>
</suite>
<statistics>
<total>
<stat pass="0" fail="2" skip="0">All Tests</stat>
</total>
<tag>
</tag>
<suite>
<stat pass="0" fail="2" skip="0" id="s1" name="Tests">Tests</stat>
<stat pass="0" fail="2" skip="0" id="s1-s1" name="Login Tests">Tests.Login Tests</stat>
</suite>
</statistics>
<errors>
</errors>
</robot>
